<?xml version="1.0" encoding="UTF-8"?>
<!-- Generated by org.testng.reporters.JUnitReportReporter -->
<testsuite hostname="LAPTOP-899IDJMK" failures="0" tests="4" name="org.testng78.BasicTest" time="0.129" errors="0" timestamp="2024-12-18T12:18:31 IST" skipped="0">
  <testcase classname="org.testng78.BasicTest" name="tc_91" time="0.030"/>
  <testcase classname="org.testng78.BasicTest" name="tc_111" time="0.017"/>
  <testcase classname="org.testng78.BasicTest" name="tc_01" time="0.064"/>
  <testcase classname="org.testng78.BasicTest" name="tc_100" time="0.018"/>
</testsuite> <!-- org.testng78.BasicTest -->
