<?xml version="1.0" encoding="UTF-8"?>
<!-- Generated by org.testng.reporters.JUnitReportReporter -->
<testsuite hostname="LAPTOP-899IDJMK" failures="0" tests="3" name="org.testng78.ParallelExc" time="44.947" errors="0" timestamp="2024-12-27T10:25:35 IST" skipped="1">
  <testcase classname="org.testng78.ParallelExc" name="browser2" time="26.375"/>
  <testcase classname="org.testng78.ParallelExc" name="browser2" time="18.572"/>
  <testcase classname="org.testng78.ParallelExc" name="browser3">
    <skipped/>
  </testcase> <!-- browser3 -->
</testsuite> <!-- org.testng78.ParallelExc -->
